<?xml version="1.0" encoding="UTF-8"?>
<!-- Generated by org.testng.reporters.JUnitReportReporter -->
<testsuite hostname="omuniverse" failures="0" tests="1" name="mavenPack.TestNGClass" time="0.006" errors="0" timestamp="2022-09-25T10:27:58 IST" skipped="0">
  <testcase classname="mavenPack.TestNGClass" name="Test123" time="0.006"/>
  <system-out/>
</testsuite> <!-- mavenPack.TestNGClass -->
