<?xml version="1.0" encoding="UTF-8"?>
<!-- Generated by org.testng.reporters.JUnitReportReporter -->
<testsuite hostname="omuniverse" failures="0" tests="4" name="mavenPack.VarifyRoomsPage" time="66.736" errors="0" timestamp="2022-10-08T18:20:45 IST" skipped="0">
  <testcase classname="mavenPack.VarifyRoomsPage" name="varifyVisitOurHelpCenterButton" time="18.274"/>
  <system-out/>
  <testcase classname="mavenPack.VarifyRoomsPage" name="varifyVisitOurHelpCenterButton" time="30.319"/>
  <system-out/>
  <testcase classname="mavenPack.VarifyRoomsPage" name="varifyReturnToMessengerButton" time="14.763"/>
  <system-out/>
  <testcase classname="mavenPack.VarifyRoomsPage" name="varifyReturnToMessengerButton" time="3.380"/>
  <system-out/>
</testsuite> <!-- mavenPack.VarifyRoomsPage -->
