<?xml version="1.0" encoding="UTF-8"?>
<!-- Generated by org.testng.reporters.JUnitReportReporter -->
<testsuite hostname="omuniverse" failures="0" tests="2" name="mavenPack.VarifyInstagramLoginButton" time="13.937" errors="0" timestamp="2022-10-08T18:20:45 IST" skipped="0">
  <testcase classname="mavenPack.VarifyInstagramLoginButton" name="verifyLogInButton" time="6.073"/>
  <system-out/>
  <testcase classname="mavenPack.VarifyInstagramLoginButton" name="verifyLogInButton" time="7.864"/>
  <system-out/>
</testsuite> <!-- mavenPack.VarifyInstagramLoginButton -->
